[2025-12-31 17:38:31] INFO - resource - Opening resource - Roadmap: 6955122d..., Module: a1e710f8..., Resource: 32ee9927...
[2025-12-31 17:38:31] INFO - resource - Found resource: HTML Full Course, Status: unlocked
[2025-12-31 17:38:31] INFO - resource - Changed status to in_progress for HTML Full Course
[2025-12-31 17:39:02] INFO - resource - Opening resource - Roadmap: 69550493..., Module: a820beda..., Resource: 9bb42a9a...
[2025-12-31 17:39:02] INFO - resource - Found resource: AWS Tutorial for Beginners, Status: in_progress
[2025-12-31 17:39:02] INFO - resource - Changed status to in_progress for AWS Tutorial for Beginners
[2025-12-31 17:42:38] INFO - resource - Opening resource - Roadmap: 6955122d..., Module: a1e710f8..., Resource: 32ee9927...
[2025-12-31 17:42:38] INFO - resource - Found resource: HTML Full Course, Status: in_progress
[2025-12-31 17:42:38] INFO - resource - Changed status to in_progress for HTML Full Course
[2025-12-31 17:43:23] INFO - resource - Opening resource - Roadmap: 6955122d..., Module: a1e710f8..., Resource: 32ee9927...
[2025-12-31 17:43:23] INFO - resource - Found resource: HTML Full Course, Status: in_progress
[2025-12-31 17:43:23] INFO - resource - Changed status to in_progress for HTML Full Course
[2025-12-31 17:45:15] INFO - resource - Opening resource - Roadmap: 6955122d..., Module: a1e710f8..., Resource: 42029948...
[2025-12-31 17:45:15] INFO - resource - Found resource: CSS Tutorial, Status: locked
[2025-12-31 17:45:35] INFO - resource - Opening resource - Roadmap: 6955122d..., Module: a1e710f8..., Resource: a196cc9f...
[2025-12-31 17:45:35] INFO - resource - Found resource: JavaScript Basics, Status: locked
[2025-12-31 17:45:38] INFO - resource - Opening resource - Roadmap: 6955122d..., Module: a1e710f8..., Resource: 32ee9927...
[2025-12-31 17:45:38] INFO - resource - Found resource: HTML Full Course, Status: in_progress
[2025-12-31 17:45:38] INFO - resource - Changed status to in_progress for HTML Full Course
[2025-12-31 17:45:42] INFO - resource - Opening resource - Roadmap: 6955122d..., Module: a1e710f8..., Resource: 42029948...
[2025-12-31 17:45:42] INFO - resource - Found resource: CSS Tutorial, Status: locked
[2025-12-31 17:48:52] INFO - resource - Opening resource - Roadmap: 6955122d..., Module: a1e710f8..., Resource: 42029948...
[2025-12-31 17:48:52] INFO - resource - Found resource: CSS Tutorial, Status: locked
[2025-12-31 17:48:58] INFO - resource - Opening resource - Roadmap: 6955122d..., Module: a1e710f8..., Resource: 32ee9927...
[2025-12-31 17:48:58] INFO - resource - Found resource: HTML Full Course, Status: in_progress
[2025-12-31 17:48:58] INFO - resource - Changed status to in_progress for HTML Full Course
[2025-12-31 17:48:59] INFO - resource - Opening resource - Roadmap: 6955122d..., Module: a1e710f8..., Resource: 32ee9927...
[2025-12-31 17:48:59] INFO - resource - Found resource: HTML Full Course, Status: in_progress
[2025-12-31 17:48:59] INFO - resource - Changed status to in_progress for HTML Full Course
[2025-12-31 17:48:59] INFO - resource - Opening resource - Roadmap: 6955122d..., Module: a1e710f8..., Resource: 32ee9927...
[2025-12-31 17:48:59] INFO - resource - Found resource: HTML Full Course, Status: in_progress
[2025-12-31 17:48:59] INFO - resource - Changed status to in_progress for HTML Full Course
[2025-12-31 17:50:02] INFO - resource - Opening resource - Roadmap: 6955122d..., Module: a1e710f8..., Resource: 42029948...
[2025-12-31 17:50:02] INFO - resource - Found resource: CSS Tutorial, Status: locked
[2025-12-31 18:08:11] INFO - resource - Opening resource - Roadmap: 6955122d..., Module: a1e710f8..., Resource: 32ee9927...
[2025-12-31 18:08:11] INFO - resource - Found resource: HTML Full Course, Status: in_progress
[2025-12-31 18:08:11] INFO - resource - Changed status to in_progress for HTML Full Course
[2025-12-31 18:08:58] INFO - resource - Opening resource - Roadmap: 6955195b..., Module: 500db598..., Resource: 7460b48f...
[2025-12-31 18:08:58] INFO - resource - Found resource: AWS EC2 Tutorial for Beginners, Status: unlocked
[2025-12-31 18:08:58] INFO - resource - Changed status to in_progress for AWS EC2 Tutorial for Beginners
[2025-12-31 18:09:05] INFO - resource - Opening resource - Roadmap: 6955195b..., Module: 500db598..., Resource: 8403bb28...
[2025-12-31 18:09:05] INFO - resource - Found resource: AWS S3 Tutorial, Status: locked
[2025-12-31 18:09:11] INFO - resource - Opening resource - Roadmap: 6955195b..., Module: 500db598..., Resource: cb66d487...
[2025-12-31 18:09:11] INFO - resource - Found resource: AWS IAM Tutorial, Status: locked
[2025-12-31 18:09:32] INFO - resource - Opening resource - Roadmap: 69551980..., Module: 1e8cb8d5..., Resource: f80f9beb...
[2025-12-31 18:09:32] INFO - resource - Found resource: Node.js Tutorial for Beginners, Status: unlocked
[2025-12-31 18:09:32] INFO - resource - Changed status to in_progress for Node.js Tutorial for Beginners
[2025-12-31 18:09:57] INFO - resource - Opening resource - Roadmap: 6955122d..., Module: a1e710f8..., Resource: 32ee9927...
[2025-12-31 18:09:57] INFO - resource - Found resource: HTML Full Course, Status: in_progress
[2025-12-31 18:09:57] INFO - resource - Changed status to in_progress for HTML Full Course
[2025-12-31 18:10:03] INFO - resource - Opening resource - Roadmap: 6955122d..., Module: a1e710f8..., Resource: 42029948...
[2025-12-31 18:10:03] INFO - resource - Found resource: CSS Tutorial, Status: locked
[2025-12-31 18:10:04] INFO - resource - Opening resource - Roadmap: 6955122d..., Module: a1e710f8..., Resource: a196cc9f...
[2025-12-31 18:10:04] INFO - resource - Found resource: JavaScript Basics, Status: locked
[2025-12-31 18:10:11] INFO - resource - Opening resource - Roadmap: 6955122d..., Module: a1e710f8..., Resource: 32ee9927...
[2025-12-31 18:10:11] INFO - resource - Found resource: HTML Full Course, Status: in_progress
[2025-12-31 18:10:11] INFO - resource - Changed status to in_progress for HTML Full Course
[2025-12-31 18:11:32] INFO - resource - Opening resource - Roadmap: 69551980..., Module: 1e8cb8d5..., Resource: a8a47272...
[2025-12-31 18:11:32] INFO - resource - Found resource: Linux Tutorial for Beginners, Status: locked
[2025-12-31 18:11:36] INFO - resource - Opening resource - Roadmap: 69551980..., Module: 1e8cb8d5..., Resource: 6a7373f3...
[2025-12-31 18:11:36] INFO - resource - Found resource: Git Tutorial for Beginners, Status: locked
[2025-12-31 18:11:38] INFO - resource - Opening resource - Roadmap: 69551980..., Module: 1e8cb8d5..., Resource: ca362b3a...
[2025-12-31 18:11:38] INFO - resource - Found resource: Practice Git and Linux, Status: locked
[2025-12-31 18:12:24] INFO - resource - Opening resource - Roadmap: 6955122d..., Module: a1e710f8..., Resource: 42029948...
[2025-12-31 18:12:24] INFO - resource - Found resource: CSS Tutorial, Status: locked
[2025-12-31 18:12:29] INFO - resource - Opening resource - Roadmap: 6955122d..., Module: a1e710f8..., Resource: 32ee9927...
[2025-12-31 18:12:29] INFO - resource - Found resource: HTML Full Course, Status: in_progress
[2025-12-31 18:12:29] INFO - resource - Changed status to in_progress for HTML Full Course
[2025-12-31 18:12:34] INFO - resource - Opening resource - Roadmap: 6955122d..., Module: a1e710f8..., Resource: 32ee9927...
[2025-12-31 18:12:34] INFO - resource - Found resource: HTML Full Course, Status: in_progress
[2025-12-31 18:12:34] INFO - resource - Changed status to in_progress for HTML Full Course
[2025-12-31 18:12:46] INFO - resource - Opening resource - Roadmap: 6955122d..., Module: a1e710f8..., Resource: 42029948...
[2025-12-31 18:12:46] INFO - resource - Found resource: CSS Tutorial, Status: locked
[2025-12-31 18:15:14] INFO - resource - Opening resource - Roadmap: 6955122d..., Module: a1e710f8..., Resource: 32ee9927...
[2025-12-31 18:15:14] INFO - resource - Found resource: HTML Full Course, Status: in_progress
[2025-12-31 18:15:14] INFO - resource - Changed status to in_progress for HTML Full Course
[2025-12-31 18:15:20] INFO - resource - Opening resource - Roadmap: 6955122d..., Module: a1e710f8..., Resource: 42029948...
[2025-12-31 18:15:20] INFO - resource - Found resource: CSS Tutorial, Status: locked
[2025-12-31 18:18:16] INFO - resource - Opening resource - Roadmap: 6955122d..., Module: a1e710f8..., Resource: 32ee9927...
[2025-12-31 18:18:16] INFO - resource - Found resource: HTML Full Course, Status: in_progress
[2025-12-31 18:18:16] INFO - resource - Changed status to in_progress for HTML Full Course
[2025-12-31 18:18:35] INFO - resource - Opening resource - Roadmap: 6955122d..., Module: a1e710f8..., Resource: 42029948...
[2025-12-31 18:18:35] INFO - resource - Found resource: CSS Tutorial, Status: locked
