[2025-12-31 15:51:37] INFO - resource - Opening resource - Roadmap: 6954f88d..., Module: 654846db..., Resource: b2f0daa3...
[2025-12-31 15:51:37] INFO - resource - Found resource: Docker Tutorial for Beginners, Status: unlocked
[2025-12-31 15:51:37] INFO - resource - Changed status to in_progress for Docker Tutorial for Beginners
[2025-12-31 15:51:38] INFO - resource - Opening resource - Roadmap: 6954f88d..., Module: 654846db..., Resource: b2f0daa3...
[2025-12-31 15:51:38] INFO - resource - Found resource: Docker Tutorial for Beginners, Status: in_progress
[2025-12-31 15:51:38] INFO - resource - Changed status to in_progress for Docker Tutorial for Beginners
[2025-12-31 15:51:38] INFO - resource - Opening resource - Roadmap: 6954f88d..., Module: 654846db..., Resource: b2f0daa3...
[2025-12-31 15:51:38] INFO - resource - Found resource: Docker Tutorial for Beginners, Status: in_progress
[2025-12-31 15:51:38] INFO - resource - Changed status to in_progress for Docker Tutorial for Beginners
[2025-12-31 15:51:57] INFO - resource - Opening resource - Roadmap: 6954f940..., Module: 54de0f13..., Resource: e8514141...
[2025-12-31 15:51:57] INFO - resource - Found resource: HTML Tutorial, Status: unlocked
[2025-12-31 15:51:57] INFO - resource - Changed status to in_progress for HTML Tutorial
[2025-12-31 15:52:05] INFO - resource - Opening resource - Roadmap: 6954f940..., Module: 6eb9919c..., Resource: d9c1a906...
[2025-12-31 15:52:05] INFO - resource - Found resource: JavaScript Intermediate, Status: unlocked
[2025-12-31 15:52:05] INFO - resource - Changed status to in_progress for JavaScript Intermediate
[2025-12-31 15:52:13] INFO - resource - Opening resource - Roadmap: 6954f940..., Module: f8176fb0..., Resource: 3c4404ca...
[2025-12-31 15:52:13] INFO - resource - Found resource: Build a Personal Website, Status: unlocked
[2025-12-31 15:52:13] INFO - resource - Changed status to in_progress for Build a Personal Website
[2025-12-31 15:52:42] INFO - resource - Opening resource - Roadmap: 6954f940..., Module: f8176fb0..., Resource: 3c4404ca...
[2025-12-31 15:52:42] INFO - resource - Found resource: Build a Personal Website, Status: in_progress
[2025-12-31 15:52:42] INFO - resource - Changed status to in_progress for Build a Personal Website
[2025-12-31 15:57:24] INFO - resource - Opening resource - Roadmap: 6954f940..., Module: f8176fb0..., Resource: 3c4404ca...
[2025-12-31 15:57:24] INFO - resource - Found resource: Build a Personal Website, Status: in_progress
[2025-12-31 15:57:24] INFO - resource - Changed status to in_progress for Build a Personal Website
[2025-12-31 15:57:29] INFO - resource - Opening resource - Roadmap: 6954f940..., Module: 54de0f13..., Resource: e8514141...
[2025-12-31 15:57:29] INFO - resource - Found resource: HTML Tutorial, Status: in_progress
[2025-12-31 15:57:29] INFO - resource - Changed status to in_progress for HTML Tutorial
[2025-12-31 15:57:30] INFO - resource - Opening resource - Roadmap: 6954f940..., Module: 54de0f13..., Resource: e8514141...
[2025-12-31 15:57:30] INFO - resource - Found resource: HTML Tutorial, Status: in_progress
[2025-12-31 15:57:30] INFO - resource - Changed status to in_progress for HTML Tutorial
[2025-12-31 15:57:30] INFO - resource - Opening resource - Roadmap: 6954f940..., Module: 54de0f13..., Resource: e8514141...
[2025-12-31 15:57:30] INFO - resource - Found resource: HTML Tutorial, Status: in_progress
[2025-12-31 15:57:30] INFO - resource - Changed status to in_progress for HTML Tutorial
[2025-12-31 16:06:23] INFO - resource - Opening resource - Roadmap: 6954f940..., Module: 54de0f13..., Resource: e8514141...
[2025-12-31 16:06:23] INFO - resource - Found resource: HTML Tutorial, Status: in_progress
[2025-12-31 16:06:23] INFO - resource - Changed status to in_progress for HTML Tutorial
