[2025-12-31 16:06:54] INFO - resource - Opening resource - Roadmap: 6954f940..., Module: f8176fb0..., Resource: 3c4404ca...
[2025-12-31 16:06:54] INFO - resource - Found resource: Build a Personal Website, Status: in_progress
[2025-12-31 16:06:54] INFO - resource - Changed status to in_progress for Build a Personal Website
[2025-12-31 16:12:25] INFO - resource - Opening resource - Roadmap: 6954f940..., Module: f8176fb0..., Resource: 3c4404ca...
[2025-12-31 16:12:25] INFO - resource - Found resource: Build a Personal Website, Status: in_progress
[2025-12-31 16:12:25] INFO - resource - Changed status to in_progress for Build a Personal Website
[2025-12-31 16:13:48] INFO - resource - Opening resource - Roadmap: 6954f940..., Module: 54de0f13..., Resource: e8514141...
[2025-12-31 16:13:48] INFO - resource - Found resource: HTML Tutorial, Status: in_progress
[2025-12-31 16:13:48] INFO - resource - Changed status to in_progress for HTML Tutorial
[2025-12-31 16:13:57] INFO - resource - Opening resource - Roadmap: 6954f940..., Module: 54de0f13..., Resource: dc300cb2...
[2025-12-31 16:13:57] INFO - resource - Found resource: CSS Tutorial, Status: unlocked
[2025-12-31 16:13:57] INFO - resource - Changed status to in_progress for CSS Tutorial
[2025-12-31 16:13:58] INFO - resource - Opening resource - Roadmap: 6954f940..., Module: 54de0f13..., Resource: dc300cb2...
[2025-12-31 16:13:58] INFO - resource - Found resource: CSS Tutorial, Status: in_progress
[2025-12-31 16:13:58] INFO - resource - Changed status to in_progress for CSS Tutorial
[2025-12-31 16:14:21] INFO - resource - Opening resource - Roadmap: 6954f940..., Module: 6eb9919c..., Resource: d9c1a906...
[2025-12-31 16:14:21] INFO - resource - Found resource: JavaScript Intermediate, Status: skipped
[2025-12-31 16:14:25] INFO - resource - Opening resource - Roadmap: 6954f940..., Module: 6eb9919c..., Resource: 4d7f7412...
[2025-12-31 16:14:25] INFO - resource - Found resource: Git Tutorial, Status: unlocked
[2025-12-31 16:14:25] INFO - resource - Changed status to in_progress for Git Tutorial
[2025-12-31 16:16:10] INFO - resource - Opening resource - Roadmap: 6954f940..., Module: 54de0f13..., Resource: e8514141...
[2025-12-31 16:16:10] INFO - resource - Found resource: HTML Tutorial, Status: skipped
[2025-12-31 16:16:17] INFO - resource - Opening resource - Roadmap: 6954f940..., Module: 6eb9919c..., Resource: 4d7f7412...
[2025-12-31 16:16:17] INFO - resource - Found resource: Git Tutorial, Status: skipped
[2025-12-31 16:16:21] INFO - resource - Opening resource - Roadmap: 6954f940..., Module: 6eb9919c..., Resource: 7b6fee4d...
[2025-12-31 16:16:21] INFO - resource - Found resource: Web Performance Optimization, Status: unlocked
[2025-12-31 16:16:21] INFO - resource - Changed status to in_progress for Web Performance Optimization
[2025-12-31 16:20:18] INFO - resource - Opening resource - Roadmap: 6954f940..., Module: 54de0f13..., Resource: dc300cb2...
[2025-12-31 16:20:18] INFO - resource - Found resource: CSS Tutorial, Status: unlocked
[2025-12-31 16:20:18] INFO - resource - Changed status to in_progress for CSS Tutorial
[2025-12-31 16:22:06] INFO - resource - Opening resource - Roadmap: 6954f940..., Module: 54de0f13..., Resource: e8514141...
[2025-12-31 16:22:06] INFO - resource - Found resource: HTML Tutorial, Status: skipped
[2025-12-31 16:22:10] INFO - resource - Opening resource - Roadmap: 6954f940..., Module: 54de0f13..., Resource: dc300cb2...
[2025-12-31 16:22:10] INFO - resource - Found resource: CSS Tutorial, Status: skipped
[2025-12-31 16:22:13] INFO - resource - Opening resource - Roadmap: 6954f940..., Module: 54de0f13..., Resource: e8514141...
[2025-12-31 16:22:13] INFO - resource - Found resource: HTML Tutorial, Status: skipped
[2025-12-31 16:22:25] INFO - resource - Opening resource - Roadmap: 6954f940..., Module: 54de0f13..., Resource: dc300cb2...
[2025-12-31 16:22:25] INFO - resource - Found resource: CSS Tutorial, Status: unlocked
[2025-12-31 16:22:25] INFO - resource - Changed status to in_progress for CSS Tutorial
[2025-12-31 16:22:26] INFO - resource - Opening resource - Roadmap: 6954f940..., Module: 54de0f13..., Resource: 05526003...
[2025-12-31 16:22:26] INFO - resource - Found resource: JavaScript Basics, Status: unlocked
[2025-12-31 16:22:26] INFO - resource - Changed status to in_progress for JavaScript Basics
[2025-12-31 16:22:30] INFO - resource - Opening resource - Roadmap: 6954f940..., Module: 54de0f13..., Resource: 05233d23...
[2025-12-31 16:22:30] INFO - resource - Found resource: Responsive Design Exercise, Status: unlocked
[2025-12-31 16:22:30] INFO - resource - Changed status to in_progress for Responsive Design Exercise
[2025-12-31 16:24:40] INFO - resource - Opening resource - Roadmap: 695500e3..., Module: d0fdff2d..., Resource: 535ce7a9...
[2025-12-31 16:24:40] INFO - resource - Found resource: Node.js Tutorial 2024, Status: unlocked
[2025-12-31 16:24:40] INFO - resource - Changed status to in_progress for Node.js Tutorial 2024
[2025-12-31 16:25:41] INFO - resource - Opening resource - Roadmap: 695500e3..., Module: d0fdff2d..., Resource: d230ada6...
[2025-12-31 16:25:41] INFO - resource - Found resource: REST API Design, Status: unlocked
[2025-12-31 16:25:41] INFO - resource - Changed status to in_progress for REST API Design
[2025-12-31 16:25:42] INFO - resource - Opening resource - Roadmap: 695500e3..., Module: d0fdff2d..., Resource: d230ada6...
[2025-12-31 16:25:42] INFO - resource - Found resource: REST API Design, Status: in_progress
[2025-12-31 16:25:42] INFO - resource - Changed status to in_progress for REST API Design
[2025-12-31 16:26:18] INFO - resource - Opening resource - Roadmap: 695500e3..., Module: d0fdff2d..., Resource: 56d68b60...
[2025-12-31 16:26:18] INFO - resource - Found resource: Hands-on Node.js Project, Status: unlocked
[2025-12-31 16:26:18] INFO - resource - Changed status to in_progress for Hands-on Node.js Project
[2025-12-31 16:26:24] INFO - resource - Opening resource - Roadmap: 695500e3..., Module: d0fdff2d..., Resource: d230ada6...
[2025-12-31 16:26:24] INFO - resource - Found resource: REST API Design, Status: skipped
[2025-12-31 16:26:28] INFO - resource - Opening resource - Roadmap: 695500e3..., Module: d0fdff2d..., Resource: 56d68b60...
[2025-12-31 16:26:28] INFO - resource - Found resource: Hands-on Node.js Project, Status: in_progress
[2025-12-31 16:26:28] INFO - resource - Changed status to in_progress for Hands-on Node.js Project
[2025-12-31 16:26:34] INFO - resource - Opening resource - Roadmap: 695500e3..., Module: d0fdff2d..., Resource: d230ada6...
[2025-12-31 16:26:34] INFO - resource - Found resource: REST API Design, Status: skipped
