[2026-01-01 21:11:45] INFO - resource - Opening resource - Roadmap: 6956959e..., Module: 82a560a1..., Resource: caa08826...
[2026-01-01 21:11:45] INFO - resource - Found resource: HTML Full Course, Status: unlocked
[2026-01-01 21:11:45] INFO - resource - Changed status to in_progress for HTML Full Course
[2026-01-01 21:12:41] INFO - resource - Opening resource - Roadmap: 6956959e..., Module: 82a560a1..., Resource: 8c681b58...
[2026-01-01 21:12:41] INFO - resource - Found resource: CSS Basics, Status: unlocked
[2026-01-01 21:12:41] INFO - resource - Changed status to in_progress for CSS Basics
[2026-01-01 21:13:21] INFO - resource - Opening resource - Roadmap: 6956959e..., Module: 82a560a1..., Resource: caa08826...
[2026-01-01 21:13:21] INFO - resource - Found resource: HTML Full Course, Status: skipped
[2026-01-01 21:13:28] INFO - resource - Opening resource - Roadmap: 6956959e..., Module: 82a560a1..., Resource: 8c681b58...
[2026-01-01 21:13:28] INFO - resource - Found resource: CSS Basics, Status: in_progress
[2026-01-01 21:13:28] INFO - resource - Changed status to in_progress for CSS Basics
[2026-01-01 21:13:32] INFO - resource - Opening resource - Roadmap: 6956959e..., Module: 82a560a1..., Resource: caa08826...
[2026-01-01 21:13:32] INFO - resource - Found resource: HTML Full Course, Status: skipped
[2026-01-01 21:14:18] INFO - resource - Opening resource - Roadmap: 6955122d..., Module: a1e710f8..., Resource: 32ee9927...
[2026-01-01 21:14:18] INFO - resource - Found resource: HTML Full Course, Status: skipped
[2026-01-01 21:14:21] INFO - resource - Opening resource - Roadmap: 6955122d..., Module: a1e710f8..., Resource: 42029948...
[2026-01-01 21:14:21] INFO - resource - Found resource: CSS Tutorial, Status: unlocked
[2026-01-01 21:14:21] INFO - resource - Changed status to in_progress for CSS Tutorial
[2026-01-01 21:14:27] INFO - resource - Opening resource - Roadmap: 6955122d..., Module: a1e710f8..., Resource: 32ee9927...
[2026-01-01 21:14:27] INFO - resource - Found resource: HTML Full Course, Status: skipped
[2026-01-01 21:14:29] INFO - resource - Opening resource - Roadmap: 6955122d..., Module: a1e710f8..., Resource: 42029948...
[2026-01-01 21:14:29] INFO - resource - Found resource: CSS Tutorial, Status: unlocked
[2026-01-01 21:14:29] INFO - resource - Changed status to in_progress for CSS Tutorial
[2026-01-01 21:14:35] INFO - resource - Opening resource - Roadmap: 6955122d..., Module: a1e710f8..., Resource: a196cc9f...
[2026-01-01 21:14:35] INFO - resource - Found resource: JavaScript Basics, Status: unlocked
[2026-01-01 21:14:35] INFO - resource - Changed status to in_progress for JavaScript Basics
[2026-01-01 21:14:40] INFO - resource - Opening resource - Roadmap: 6955122d..., Module: a1e710f8..., Resource: 32ee9927...
[2026-01-01 21:14:40] INFO - resource - Found resource: HTML Full Course, Status: skipped
[2026-01-01 21:15:33] INFO - resource - Opening resource - Roadmap: 6955122d..., Module: a1e710f8..., Resource: 3266c4a3...
[2026-01-01 21:15:33] INFO - resource - Found resource: CodePen Practice, Status: unlocked
[2026-01-01 21:15:33] INFO - resource - Changed status to in_progress for CodePen Practice
[2026-01-01 21:15:36] INFO - resource - Opening resource - Roadmap: 6955122d..., Module: b09a6eda..., Resource: 28c9a1c7...
[2026-01-01 21:15:36] INFO - resource - Found resource: Node.js Tutorial, Status: unlocked
[2026-01-01 21:15:36] INFO - resource - Changed status to in_progress for Node.js Tutorial
[2026-01-01 21:15:46] INFO - resource - Opening resource - Roadmap: 6955122d..., Module: b09a6eda..., Resource: e6244672...
[2026-01-01 21:15:46] INFO - resource - Found resource: Express.js Tutorial, Status: unlocked
[2026-01-01 21:15:46] INFO - resource - Changed status to in_progress for Express.js Tutorial
[2026-01-01 21:15:56] INFO - resource - Opening resource - Roadmap: 6955122d..., Module: a1e710f8..., Resource: 32ee9927...
[2026-01-01 21:15:56] INFO - resource - Found resource: HTML Full Course, Status: skipped
[2026-01-01 21:17:02] INFO - resource - Opening resource - Roadmap: 695696f0..., Module: 36a9057d..., Resource: 0cf0e601...
[2026-01-01 21:17:02] INFO - resource - Found resource: Data Structures Introduction, Status: unlocked
[2026-01-01 21:17:02] INFO - resource - Changed status to in_progress for Data Structures Introduction
[2026-01-01 21:17:08] INFO - resource - Opening resource - Roadmap: 695696f0..., Module: 36a9057d..., Resource: 5c29e37b...
[2026-01-01 21:17:08] INFO - resource - Found resource: Data Structures and Algorithms Specialization, Status: unlocked
[2026-01-01 21:17:08] INFO - resource - Changed status to in_progress for Data Structures and Algorithms Specialization
[2026-01-01 21:17:33] INFO - resource - Opening resource - Roadmap: 695696f0..., Module: b6b29bc3..., Resource: 7347f059...
[2026-01-01 21:17:33] INFO - resource - Found resource: Data Structures and Algorithms Specialization, Status: unlocked
[2026-01-01 21:17:33] INFO - resource - Changed status to in_progress for Data Structures and Algorithms Specialization
[2026-01-01 21:17:41] INFO - resource - Opening resource - Roadmap: 695696f0..., Module: 19bad9a1..., Resource: 478a2842...
[2026-01-01 21:17:41] INFO - resource - Found resource: System Design Tutorial, Status: unlocked
[2026-01-01 21:17:41] INFO - resource - Changed status to in_progress for System Design Tutorial
[2026-01-01 21:17:55] INFO - resource - Opening resource - Roadmap: 695696f0..., Module: b6b29bc3..., Resource: 7347f059...
[2026-01-01 21:17:55] INFO - resource - Found resource: Data Structures and Algorithms Specialization, Status: in_progress
[2026-01-01 21:17:55] INFO - resource - Changed status to in_progress for Data Structures and Algorithms Specialization
[2026-01-01 21:18:08] INFO - resource - Opening resource - Roadmap: 695696f0..., Module: 36a9057d..., Resource: 0cf0e601...
[2026-01-01 21:18:08] INFO - resource - Found resource: Data Structures Introduction, Status: skipped
[2026-01-01 21:18:15] INFO - resource - Opening resource - Roadmap: 695696f0..., Module: 36a9057d..., Resource: 5c29e37b...
[2026-01-01 21:18:15] INFO - resource - Found resource: Data Structures and Algorithms Specialization, Status: unlocked
[2026-01-01 21:18:15] INFO - resource - Changed status to in_progress for Data Structures and Algorithms Specialization
[2026-01-01 21:18:17] INFO - resource - Opening resource - Roadmap: 695696f0..., Module: 36a9057d..., Resource: 0cf0e601...
[2026-01-01 21:18:17] INFO - resource - Found resource: Data Structures Introduction, Status: skipped
[2026-01-01 21:19:05] INFO - resource - Opening resource - Roadmap: 695696f0..., Module: 36a9057d..., Resource: 30400859...
[2026-01-01 21:19:05] INFO - resource - Found resource: Data Structures Practice, Status: unlocked
[2026-01-01 21:19:05] INFO - resource - Changed status to in_progress for Data Structures Practice
