[2026-01-02 21:32:46] INFO - resource - Opening resource - Roadmap: 6957ec07..., Module: 6f0448a5..., Resource: 1ede4f14...
[2026-01-02 21:32:46] INFO - resource - Found resource: HTML, CSS, and JavaScript for Web Developers, Status: unlocked
[2026-01-02 21:32:46] INFO - resource - Changed status to in_progress for HTML, CSS, and JavaScript for Web Developers
[2026-01-02 21:33:17] INFO - resource - Opening resource - Roadmap: 6957ec07..., Module: 6f0448a5..., Resource: 93840fe6...
[2026-01-02 21:33:17] INFO - resource - Found resource: CSS Tutorial, Status: unlocked
[2026-01-02 21:33:17] INFO - resource - Changed status to in_progress for CSS Tutorial
[2026-01-02 21:33:44] INFO - resource - Opening resource - Roadmap: 6957ec07..., Module: 6f0448a5..., Resource: 1ede4f14...
[2026-01-02 21:33:44] INFO - resource - Found resource: HTML, CSS, and JavaScript for Web Developers, Status: skipped
[2026-01-02 21:33:49] INFO - resource - Opening resource - Roadmap: 6957ec07..., Module: 6f0448a5..., Resource: 93840fe6...
[2026-01-02 21:33:49] INFO - resource - Found resource: CSS Tutorial, Status: in_progress
[2026-01-02 21:33:49] INFO - resource - Changed status to in_progress for CSS Tutorial
[2026-01-02 21:34:01] INFO - resource - Opening resource - Roadmap: 6957ec07..., Module: 6f0448a5..., Resource: 9eaffa7f...
[2026-01-02 21:34:01] INFO - resource - Found resource: React Tutorial for Beginners, Status: unlocked
[2026-01-02 21:34:01] INFO - resource - Changed status to in_progress for React Tutorial for Beginners
[2026-01-02 21:34:02] INFO - resource - Opening resource - Roadmap: 6957ec07..., Module: 6f0448a5..., Resource: 47b976de...
[2026-01-02 21:34:02] INFO - resource - Found resource: React Practice Exercises, Status: unlocked
[2026-01-02 21:34:02] INFO - resource - Changed status to in_progress for React Practice Exercises
[2026-01-02 21:34:05] INFO - resource - Opening resource - Roadmap: 6957ec07..., Module: 938b5010..., Resource: c9dd2003...
[2026-01-02 21:34:05] INFO - resource - Found resource: Express.js Tutorial for Beginners, Status: unlocked
[2026-01-02 21:34:05] INFO - resource - Changed status to in_progress for Express.js Tutorial for Beginners
[2026-01-02 21:34:20] INFO - resource - Opening resource - Roadmap: 6957ec07..., Module: 938b5010..., Resource: 709778ea...
[2026-01-02 21:34:20] INFO - resource - Found resource: SQL Tutorial, Status: unlocked
[2026-01-02 21:34:20] INFO - resource - Changed status to in_progress for SQL Tutorial
