[2025-12-31 15:38:46] INFO - resource - Opening resource - Roadmap: 6954f1f6..., Module: 80532eac..., Resource: c8e9d2b1...
[2025-12-31 15:38:46] INFO - resource - Found resource: React Native Tutorial 2024, Status: skipped
[2025-12-31 15:39:00] INFO - resource - Opening resource - Roadmap: 6954f1f6..., Module: 80532eac..., Resource: c8e9d2b1...
[2025-12-31 15:39:00] INFO - resource - Found resource: React Native Tutorial 2024, Status: skipped
[2025-12-31 15:39:01] INFO - resource - Opening resource - Roadmap: 6954f1f6..., Module: 80532eac..., Resource: c8e9d2b1...
[2025-12-31 15:39:01] INFO - resource - Found resource: React Native Tutorial 2024, Status: skipped
[2025-12-31 15:39:01] INFO - resource - Opening resource - Roadmap: 6954f1f6..., Module: 80532eac..., Resource: c8e9d2b1...
[2025-12-31 15:39:01] INFO - resource - Found resource: React Native Tutorial 2024, Status: skipped
[2025-12-31 15:39:02] INFO - resource - Opening resource - Roadmap: 6954f1f6..., Module: 80532eac..., Resource: c8e9d2b1...
[2025-12-31 15:39:02] INFO - resource - Found resource: React Native Tutorial 2024, Status: skipped
[2025-12-31 15:39:34] INFO - resource - Opening resource - Roadmap: 6954f1f6..., Module: 80532eac..., Resource: c8e9d2b1...
[2025-12-31 15:39:34] INFO - resource - Found resource: React Native Tutorial 2024, Status: skipped
[2025-12-31 15:42:53] INFO - resource - Opening resource - Roadmap: 6954f1f6..., Module: 80532eac..., Resource: 7646d9ad...
[2025-12-31 15:42:53] INFO - resource - Found resource: Mobile UI/UX Design Principles, Status: unlocked
[2025-12-31 15:42:53] INFO - resource - Changed status to in_progress for Mobile UI/UX Design Principles
[2025-12-31 15:42:54] INFO - resource - Opening resource - Roadmap: 6954f1f6..., Module: 80532eac..., Resource: c8e9d2b1...
[2025-12-31 15:42:54] INFO - resource - Found resource: React Native Tutorial 2024, Status: skipped
[2025-12-31 15:42:55] INFO - resource - Opening resource - Roadmap: 6954f1f6..., Module: 80532eac..., Resource: 7646d9ad...
[2025-12-31 15:42:55] INFO - resource - Found resource: Mobile UI/UX Design Principles, Status: in_progress
[2025-12-31 15:42:55] INFO - resource - Changed status to in_progress for Mobile UI/UX Design Principles
[2025-12-31 15:42:59] INFO - resource - Opening resource - Roadmap: 6954f1f6..., Module: 80532eac..., Resource: c8e9d2b1...
[2025-12-31 15:42:59] INFO - resource - Found resource: React Native Tutorial 2024, Status: skipped
[2025-12-31 15:43:44] INFO - resource - Opening resource - Roadmap: 6954f1f6..., Module: 80532eac..., Resource: 7646d9ad...
[2025-12-31 15:43:44] INFO - resource - Found resource: Mobile UI/UX Design Principles, Status: in_progress
[2025-12-31 15:43:44] INFO - resource - Changed status to in_progress for Mobile UI/UX Design Principles
[2025-12-31 15:44:28] INFO - resource - Opening resource - Roadmap: 6954f1f6..., Module: 80532eac..., Resource: 952f3132...
[2025-12-31 15:44:28] INFO - resource - Found resource: React Native Project: Todo App, Status: unlocked
[2025-12-31 15:44:28] INFO - resource - Changed status to in_progress for React Native Project: Todo App
