[2026-01-09 00:22:31] INFO - resource - Opening resource - Roadmap: 695ffca8..., Module: e409394b..., Resource: 62e24278...
[2026-01-09 00:22:31] INFO - resource - Found resource: HTML Full Course, Status: unlocked
[2026-01-09 00:22:31] INFO - resource - Changed status to in_progress for HTML Full Course
[2026-01-09 00:22:39] INFO - resource - Opening resource - Roadmap: 695ffca8..., Module: e409394b..., Resource: 03698f32...
[2026-01-09 00:22:39] INFO - resource - Found resource: CSS Tutorial For Beginners, Status: unlocked
[2026-01-09 00:22:39] INFO - resource - Changed status to in_progress for CSS Tutorial For Beginners
[2026-01-09 00:22:42] INFO - resource - Opening resource - Roadmap: 695ffca8..., Module: e409394b..., Resource: 1941cb6d...
[2026-01-09 00:22:42] INFO - resource - Found resource: React Crash Course, Status: unlocked
[2026-01-09 00:22:42] INFO - resource - Changed status to in_progress for React Crash Course
[2026-01-09 00:22:45] INFO - resource - Opening resource - Roadmap: 695ffca8..., Module: e409394b..., Resource: db8691b6...
[2026-01-09 00:22:45] INFO - resource - Found resource: React Practice Exercises, Status: unlocked
[2026-01-09 00:22:45] INFO - resource - Changed status to in_progress for React Practice Exercises
[2026-01-09 00:22:49] INFO - resource - Opening resource - Roadmap: 695ffca8..., Module: 0b99c55c..., Resource: a91229b5...
[2026-01-09 00:22:49] INFO - resource - Found resource: Node.js and Express.js - Full Course, Status: unlocked
[2026-01-09 00:22:49] INFO - resource - Changed status to in_progress for Node.js and Express.js - Full Course
[2026-01-09 00:23:31] INFO - resource - Opening resource - Roadmap: 695ffd27..., Module: 0abba77e..., Resource: f47c3a0d...
[2026-01-09 00:23:31] INFO - resource - Found resource: HTML, CSS, and JavaScript for Web Developers, Status: unlocked
[2026-01-09 00:23:31] INFO - resource - Changed status to in_progress for HTML, CSS, and JavaScript for Web Developers
[2026-01-09 00:23:33] INFO - resource - Opening resource - Roadmap: 695ffd27..., Module: 0abba77e..., Resource: 20d0b374...
[2026-01-09 00:23:33] INFO - resource - Found resource: CSS Tutorial For Beginners, Status: unlocked
[2026-01-09 00:23:33] INFO - resource - Changed status to in_progress for CSS Tutorial For Beginners
[2026-01-09 00:23:34] INFO - resource - Opening resource - Roadmap: 695ffd27..., Module: 0abba77e..., Resource: a2534d92...
[2026-01-09 00:23:34] INFO - resource - Found resource: React Tutorial, Status: unlocked
[2026-01-09 00:23:34] INFO - resource - Changed status to in_progress for React Tutorial
[2026-01-09 00:24:17] INFO - resource - Opening resource - Roadmap: 695ffd49..., Module: 105e27da..., Resource: 0b1d6212...
[2026-01-09 00:24:17] INFO - resource - Found resource: HTML Full Course, Status: unlocked
[2026-01-09 00:24:17] INFO - resource - Changed status to in_progress for HTML Full Course
[2026-01-09 00:24:19] INFO - resource - Opening resource - Roadmap: 695ffd49..., Module: 105e27da..., Resource: eb5a5fe8...
[2026-01-09 00:24:19] INFO - resource - Found resource: CSS Tutorial, Status: unlocked
[2026-01-09 00:24:19] INFO - resource - Changed status to in_progress for CSS Tutorial
[2026-01-09 00:24:20] INFO - resource - Opening resource - Roadmap: 695ffd49..., Module: 105e27da..., Resource: fa23f3cb...
[2026-01-09 00:24:20] INFO - resource - Found resource: React Tutorial, Status: unlocked
[2026-01-09 00:24:20] INFO - resource - Changed status to in_progress for React Tutorial
[2026-01-09 00:24:36] INFO - resource - Opening resource - Roadmap: 695ffd49..., Module: 105e27da..., Resource: 1b89ea49...
[2026-01-09 00:24:36] INFO - resource - Found resource: React Practice, Status: unlocked
[2026-01-09 00:24:36] INFO - resource - Changed status to in_progress for React Practice
[2026-01-09 00:24:39] INFO - resource - Opening resource - Roadmap: 695ffd49..., Module: cb6009a9..., Resource: 32396713...
[2026-01-09 00:24:39] INFO - resource - Found resource: Express.js Tutorial, Status: unlocked
[2026-01-09 00:24:39] INFO - resource - Changed status to in_progress for Express.js Tutorial
