[2025-12-31 18:37:05] INFO - resource - Opening resource - Roadmap: 6955122d..., Module: a1e710f8..., Resource: 32ee9927...
[2025-12-31 18:37:05] INFO - resource - Found resource: HTML Full Course, Status: in_progress
[2025-12-31 18:37:05] INFO - resource - Changed status to in_progress for HTML Full Course
[2025-12-31 18:37:18] INFO - resource - Opening resource - Roadmap: 6955122d..., Module: a1e710f8..., Resource: 42029948...
[2025-12-31 18:37:18] INFO - resource - Found resource: CSS Tutorial, Status: unlocked
[2025-12-31 18:37:18] INFO - resource - Changed status to in_progress for CSS Tutorial
[2025-12-31 18:43:36] INFO - resource - Opening resource - Roadmap: 6955195b..., Module: 500db598..., Resource: 8403bb28...
[2025-12-31 18:43:36] INFO - resource - Found resource: AWS S3 Tutorial, Status: unlocked
[2025-12-31 18:43:36] INFO - resource - Changed status to in_progress for AWS S3 Tutorial
[2025-12-31 18:45:29] INFO - resource - Opening resource - Roadmap: 69552041..., Module: 033be805..., Resource: 03cfdfba...
[2025-12-31 18:45:29] INFO - resource - Found resource: React Native Tutorial for Beginners, Status: unlocked
[2025-12-31 18:45:29] INFO - resource - Changed status to in_progress for React Native Tutorial for Beginners
[2025-12-31 18:47:13] INFO - resource - Opening resource - Roadmap: 69552041..., Module: 033be805..., Resource: 03cfdfba...
[2025-12-31 18:47:13] INFO - resource - Found resource: React Native Tutorial for Beginners, Status: in_progress
[2025-12-31 18:47:13] INFO - resource - Changed status to in_progress for React Native Tutorial for Beginners
[2025-12-31 18:47:20] INFO - resource - Opening resource - Roadmap: 69552041..., Module: 033be805..., Resource: 535a5944...
[2025-12-31 18:47:20] INFO - resource - Found resource: React Native Documentation, Status: unlocked
[2025-12-31 18:47:20] INFO - resource - Changed status to in_progress for React Native Documentation
[2025-12-31 18:48:16] INFO - resource - Opening resource - Roadmap: 69552041..., Module: 119daacf..., Resource: 17b71ea7...
[2025-12-31 18:48:16] INFO - resource - Found resource: Mobile UI/UX Design Principles, Status: unlocked
[2025-12-31 18:48:16] INFO - resource - Changed status to in_progress for Mobile UI/UX Design Principles
